[Licensing::Module] Trying to connect to existing licensing client channel...
[Licensing::IpcConnector] Successfully connected to: "LicenseClient-15490" at "2026-07-21T16:40:31.4831972Z"
Built from '6000.4/staging' branch; Version is '6000.4.6f1 (0b051c2e5d54) revision 722204'; Using compiler version '194234433'; Build Type 'Release'
OS: 'Windows 11  (10.0.26200) CoreCountrySpecific' Language: 'zh' Physical Memory: 32212 MB
BatchMode: 1, IsHumanControllingUs: 0, StartBugReporterOnCrash: 0, Is64bit: 1
System  architecture: x64
Process architecture: x64
Date: 2026-07-21T16:40:31Z

COMMAND LINE ARGUMENTS:
D:\unity\Editor\Unity.exe
-adb2
-batchMode
-noUpm
-name
AssetImportWorker1
-projectPath
D:/Yin
-logFile
Logs/AssetImportWorker1.log
-srvPort
9757
-licensingIpc
LicenseClient-15490
-force-d3d12
-job-worker-count
11
-background-job-worker-count
8
-gc-helper-count
1
-name
AssetImport
Successfully changed project path to: D:/Yin
D:/Yin
[UnityMemory] Configuration Parameters - Can be set up in boot.config
    "memorysetup-temp-allocator-size-gi-baking-worker=262144"
    "memorysetup-temp-allocator-size-gi-baking-worker=262144"
    "memorysetup-temp-allocator-size-gi-baking-worker=262144"
    "memorysetup-temp-allocator-size-gi-baking-worker=262144"
    "memorysetup-temp-allocator-size-gi-baking-worker=262144"
    "memorysetup-temp-allocator-size-nav-mesh-worker=65536"
    "memorysetup-temp-allocator-size-audio-worker=65536"
    "memorysetup-temp-allocator-size-cloud-worker=32768"
    "memorysetup-temp-allocator-size-gfx=262144"
    "memorysetup-temp-allocator-size-preload-manager=33554432"
    "memorysetup-temp-allocator-size-job-worker=262144"
    "memorysetup-temp-allocator-size-background-worker=32768"
    "memorysetup-allocator-temp-initial-block-size-main=262144"
    "memorysetup-allocator-temp-initial-block-size-worker=262144"
    "memorysetup-bucket-allocator-granularity=16"
    "memorysetup-bucket-allocator-bucket-count=8"
    "memorysetup-bucket-allocator-block-size=33554432"
    "memorysetup-bucket-allocator-block-count=8"
    "memorysetup-main-allocator-block-size=16777216"
    "memorysetup-thread-allocator-block-size=16777216"
    "memorysetup-gfx-main-allocator-block-size=16777216"
    "memorysetup-gfx-thread-allocator-block-size=16777216"
    "memorysetup-cache-allocator-block-size=4194304"
    "memorysetup-typetree-allocator-block-size=2097152"
    "memorysetup-profiler-bucket-allocator-granularity=16"
    "memorysetup-profiler-bucket-allocator-bucket-count=8"
    "memorysetup-profiler-bucket-allocator-block-size=33554432"
    "memorysetup-profiler-bucket-allocator-block-count=8"
    "memorysetup-profiler-allocator-block-size=16777216"
    "memorysetup-profiler-editor-allocator-block-size=1048576"
    "memorysetup-temp-allocator-size-main=16777216"
    "memorysetup-job-temp-allocator-block-size=2097152"
    "memorysetup-job-temp-allocator-block-size-background=1048576"
    "memorysetup-job-temp-allocator-reduction-small-platforms=262144"
Player connection [25244]  Target information:

Player connection [25244]  * "[IP] 192.168.1.238 [Port] 0 [Flags] 2 [Guid] 2850925794 [EditorId] 2850925794 [Version] 1048832 [Id] WindowsEditor(7,9daY) [Debug] 1 [PackageName] WindowsEditor [ProjectName] Editor" 

Player connection [25244] Host joined multi-casting on [225.0.0.222:54997]...
Player connection [25244] Host joined alternative multi-casting on [225.0.0.222:34997]...
JobSystem: Creating JobQueue using job-worker-count value 11
Input System module state changed to: Initialized.
[Physics::Module] Initialized fallback backend.
[Physics::Module] Id: 0xdecafbad
Library Redirect Path: Library/
[Physics::Module] Selected backend.
[Physics::Module] Name: PhysX
[Physics::Module] Id: 0xf2b8ea05
[Physics::Module] SDK Version: 4.1.2
[Physics::Module] Integration Version: 1.0.0
[Physics::Module] Threading Mode: Multi-Threaded
Refreshing native plugins compatible for Editor in 2.92 ms, found 4 plugins.
Initialize engine version: 6000.4.6f1 (0b051c2e5d54)
[Subsystems] Discovering subsystems at path D:/unity/Editor/Data/Resources/UnitySubsystems
[Subsystems] Discovering subsystems at path D:/Yin/Assets
Forcing GfxDevice: Direct3D 12
GfxDevice: creating device client; kGfxThreadingModeNonThreaded
d3d12: failed to query info queue interface (0x80004002).
Direct3D:
    Version:         Direct3D 12 [level 12.2]
    Renderer:        NVIDIA GeForce RTX 5070 Laptop GPU (ID=0x2d58)
    Vendor:          NVIDIA
    VRAM:            7891 MB
    App VRAM Budget: 7123 MB
    Driver:          32.0.15.9608
Initialize mono
Mono path[0] = 'D:/unity/Editor/Data/Managed'
Mono path[1] = 'D:/unity/Editor/Data/MonoBleedingEdge/lib/mono/unityjit-win32'
Mono config path = 'D:/unity/Editor/Data/MonoBleedingEdge/etc'
Using monoOptions --debugger-agent=transport=dt_socket,embedding=1,server=y,suspend=n,address=127.0.0.1:56804
CodeReloadManager initialized
Begin MonoManager ReloadAssembly
Registering precompiled unity dll's ...
Register platform support module: D:/unity/Editor/Data/PlaybackEngines/WindowsStandaloneSupport/UnityEditor.WindowsStandalone.Extensions.dll
Registered in 0.001348 seconds.
Native extension for WindowsStandalone target not found
Package Manager log level set to [2]
[Package Manager] Failed to launch server process. Reason: Unity was launched with the -noUpm command-line argument
[Package Manager] Unable to send message (not connected to server process).
[Package Manager] Cannot connect to Unity Package Manager local server
ScheduleIndexationOnStartup MainProcess:False IndexOnStartup:True
Mono: successfully reloaded assembly
- Finished resetting the current domain, in  0.648 seconds
Domain Reload Profiling: 1314ms
	BeginReloadAssembly (154ms)
	RebuildCommonClasses (36ms)
	RebuildNativeTypeToScriptingClass (11ms)
	initialDomainReloadingComplete (86ms)
	LoadAllAssembliesAndSetupDomain (377ms)
		LoadAssemblies (153ms)
		AnalyzeDomain (362ms)
			TypeCache.Refresh (361ms)
				TypeCache.ScanAssembly (332ms)
	FinalizeReload (650ms)
		SetupLoadedEditorAssemblies (0ms)
			InitializePlatformSupportModulesInManaged (63ms)
			BeforeProcessingInitializeOnLoad (127ms)
			ProcessInitializeOnLoadAttributes (197ms)
			ProcessInitializeOnLoadMethodAttributes (135ms)
========================================================================
Worker process is ready to serve import requests
Import Worker Mode flag is 0x00
[Licensing::Client] Error: HandshakeResponse reported an error:
	ResponseCode: 505
	ResponseStatus: Unsupported protocol version '1.18.1'.
[Licensing::Module] Error: Failed to handshake to channel: "LicenseClient-15490"
[Licensing::IpcConnector] LicenseClient-15490 channel disconnected successfully.
[Licensing::IpcConnector] Successfully connected to: "LicenseClient-15490-6000.4.6" at "2026-07-21T16:40:33.7754451Z"
[Licensing::Client] Code 10 while verifying Licensing Client signature (process Id: 10424, path: "D:/unity/Editor/Data/Resources/Licensing/Client/Unity.Licensing.Client.exe")
[Licensing::Module] LicensingClient has failed validation; ignoring
[Licensing::Client] Handshaking with LicensingClient:
  Version:                 1.18.1+9fbee8e
  Session Id:              526e58943c364ecd9e806bb8242ff95a
  Correlation Id:          ccc52dbf0592381b2610f458167e7763
  External correlation Id: 5224063382449885505
  Machine Id:              DJWBFtPZt+einrVuex0hynKXsRc=
[Licensing::Module] Successfully connected to LicensingClient on channel: "LicenseClient-15490-6000.4.6" (connect: 0.00s, validation: 0.00s, handshake: 0.02s)
[Licensing::IpcConnector] Successfully connected to: "LicenseClient-15490-6000.4.6-notifications" at "2026-07-21T16:40:33.7970717Z"
[Licensing::Module] Licensing Background thread has ended after 2.31s
Begin MonoManager ReloadAssembly
[Licensing::Client] Successfully resolved entitlement details
[Licensing::Module] License group:
  Id: 5773964460127-UnityPersXXXX
  Product: Unity Personal
  Type: Assigned
  Expiration: Unlimited
Assembly Assembly-CSharp-Editor-firstpass.dll at Library/ScriptAssemblies/Assembly-CSharp-Editor-firstpass.dll not valid. Loading of assembly skipped.
Assembly Assembly-CSharp-firstpass.dll at Library/ScriptAssemblies/Assembly-CSharp-firstpass.dll not valid. Loading of assembly skipped.
Assembly DocCodeExamples.dll at Library/ScriptAssemblies/DocCodeExamples.dll not valid. Loading of assembly skipped.
Assembly TestNewCustomAssembly.dll at Library/ScriptAssemblies/TestNewCustomAssembly.dll not valid. Loading of assembly skipped.
Assembly Unity.Collections.BurstCompatibilityGen.dll at Library/ScriptAssemblies/Unity.Collections.BurstCompatibilityGen.dll not valid. Loading of assembly skipped.
Assembly Unity.Collections.DocCodeSamples.dll at Library/ScriptAssemblies/Unity.Collections.DocCodeSamples.dll not valid. Loading of assembly skipped.
Assembly Unity.Collections.PerformanceTests.dll at Library/ScriptAssemblies/Unity.Collections.PerformanceTests.dll not valid. Loading of assembly skipped.
Assembly Unity.Collections.Tests.dll at Library/ScriptAssemblies/Unity.Collections.Tests.dll not valid. Loading of assembly skipped.
Assembly Unity.Collections.Tests.Playmode.dll at Library/ScriptAssemblies/Unity.Collections.Tests.Playmode.dll not valid. Loading of assembly skipped.
Assembly Unity.InputSystem.IntegrationTests.dll at Library/ScriptAssemblies/Unity.InputSystem.IntegrationTests.dll not valid. Loading of assembly skipped.
Assembly Unity.Mathematics.Tests.dll at Library/ScriptAssemblies/Unity.Mathematics.Tests.dll not valid. Loading of assembly skipped.
Assembly Unity.Multiplayer.Center.Editor.Tests.dll at Library/ScriptAssemblies/Unity.Multiplayer.Center.Editor.Tests.dll not valid. Loading of assembly skipped.
Assembly Unity.Multiplayer.Center.Tests.dll at Library/ScriptAssemblies/Unity.Multiplayer.Center.Tests.dll not valid. Loading of assembly skipped.
Assembly Unity.Nuget.Mono-Cecil.dll at Library/ScriptAssemblies/Unity.Nuget.Mono-Cecil.dll not valid. Loading of assembly skipped.
Assembly Unity.PathTracing.Editor.Tests.dll at Library/ScriptAssemblies/Unity.PathTracing.Editor.Tests.dll not valid. Loading of assembly skipped.
Assembly Unity.PathTracing.Runtime.Tests.dll at Library/ScriptAssemblies/Unity.PathTracing.Runtime.Tests.dll not valid. Loading of assembly skipped.
Assembly Unity.RenderPipelines.Core.Editor.Tests.dll at Library/ScriptAssemblies/Unity.RenderPipelines.Core.Editor.Tests.dll not valid. Loading of assembly skipped.
Assembly Unity.RenderPipelines.Core.Runtime.Tests.dll at Library/ScriptAssemblies/Unity.RenderPipelines.Core.Runtime.Tests.dll not valid. Loading of assembly skipped.
Assembly Unity.RenderPipelines.Universal.Config.Editor.Tests.dll at Library/ScriptAssemblies/Unity.RenderPipelines.Universal.Config.Editor.Tests.dll not valid. Loading of assembly skipped.
Assembly Unity.RenderPipelines.Universal.Editor.Tests.dll at Library/ScriptAssemblies/Unity.RenderPipelines.Universal.Editor.Tests.dll not valid. Loading of assembly skipped.
Assembly Unity.RenderPipelines.Universal.Runtime.Tests.dll at Library/ScriptAssemblies/Unity.RenderPipelines.Universal.Runtime.Tests.dll not valid. Loading of assembly skipped.
Assembly Unity.Searcher.EditorTests.dll at Library/ScriptAssemblies/Unity.Searcher.EditorTests.dll not valid. Loading of assembly skipped.
Assembly Unity.ShaderGraph.Editor.Tests.dll at Library/ScriptAssemblies/Unity.ShaderGraph.Editor.Tests.dll not valid. Loading of assembly skipped.
Assembly Unity.TextMeshPro.Editor.Tests.dll at Library/ScriptAssemblies/Unity.TextMeshPro.Editor.Tests.dll not valid. Loading of assembly skipped.
Assembly Unity.TextMeshPro.Tests.dll at Library/ScriptAssemblies/Unity.TextMeshPro.Tests.dll not valid. Loading of assembly skipped.
Assembly Unity.UnifiedRayTracing.Editor.Tests.dll at Library/ScriptAssemblies/Unity.UnifiedRayTracing.Editor.Tests.dll not valid. Loading of assembly skipped.
Assembly UnityEditor.UI.Common.Tests.dll at Library/ScriptAssemblies/UnityEditor.UI.Common.Tests.dll not valid. Loading of assembly skipped.
Assembly UnityEditor.UI.EditorTests.dll at Library/ScriptAssemblies/UnityEditor.UI.EditorTests.dll not valid. Loading of assembly skipped.
Assembly UnityEngine.UI.Tests.dll at Library/ScriptAssemblies/UnityEngine.UI.Tests.dll not valid. Loading of assembly skipped.
Refreshing native plugins compatible for Editor in 2.15 ms, found 4 plugins.
Native extension for WindowsStandalone target not found
[Package Manager] Failed to launch server process. Reason: Unity was launched with the -noUpm command-line argument
[Package Manager] Unable to send message (not connected to server process).
[Package Manager] Cannot connect to Unity Package Manager local server
[Package Manager] Failed to launch server process. Reason: Unity was launched with the -noUpm command-line argument
[Package Manager] Unable to send message (not connected to server process).
[Package Manager] Cannot connect to Unity Package Manager local server
ScheduleIndexationOnStartup MainProcess:False IndexOnStartup:True
Mono: successfully reloaded assembly
- Finished resetting the current domain, in  1.028 seconds
Domain Reload Profiling: 2392ms
	BeginReloadAssembly (328ms)
		DisableScriptedObjects (8ms)
		CreateAndSetChildDomain (38ms)
	RebuildCommonClasses (67ms)
	RebuildNativeTypeToScriptingClass (40ms)
	initialDomainReloadingComplete (159ms)
	LoadAllAssembliesAndSetupDomain (769ms)
		LoadAssemblies (620ms)
		AnalyzeDomain (367ms)
			TypeCache.Refresh (257ms)
				TypeCache.ScanAssembly (235ms)
			BuildScriptInfoCaches (87ms)
			ResolveRequiredComponents (21ms)
	FinalizeReload (1028ms)
		SetupLoadedEditorAssemblies (0ms)
			BeforeProcessingInitializeOnLoad (132ms)
			ProcessInitializeOnLoadAttributes (533ms)
			ProcessInitializeOnLoadMethodAttributes (91ms)
			AfterProcessingInitializeOnLoad (3ms)
		AwakeInstancesAfterBackupRestoration (10ms)
Launched and connected shader compiler UnityShaderCompiler.exe after 0.02 seconds
Refreshing native plugins compatible for Editor in 2.79 ms, found 4 plugins.
Unloading 24 Unused Serialized files (Serialized files now loaded: 0)
Unloading 6536 unused Assets / (5.4 MB). Loaded Objects now: 7343.
Memory consumption went from 156.0 MB to 150.6 MB.
Total: 9.843800 ms (FindLiveObjects: 0.816100 ms CreateObjectMapping: 0.667100 ms MarkObjects: 5.539100 ms  DeleteObjects: 2.817900 ms)

========================================================================
Received Import Request.
  Time since last request: 87974.220083 seconds.
  path: Assets/Settings/DefaultVolumeProfile.asset
  importAddress: Guid(ab09877e2e707104187f6f83e2f62510) Importer(2089858483,b0f066a214c2f5e87bad3c948f4d605d)
Start importing Assets/Settings/DefaultVolumeProfile.asset using Guid(ab09877e2e707104187f6f83e2f62510) Importer(2089858483,b0f066a214c2f5e87bad3c948f4d605d) (ScriptedImporter) -> (Import Result ID: '52d7f22e90c416209abd6850e4ca11d9') in 0.0797107 seconds [static and dynamic dependencies]. Details - ImportResultOutputID=3788737c4a6b6b834fb229750bbde705 DependenciesID=9402d924bc0521204abe577c671ce43c StaticDependenciesID=45971eea0e455369d801d07519df3013 
Number of updated asset objects reloaded before import = 0Number of asset objects unloaded after import = 0

========================================================================
Received Import Request.
  Time since last request: 0.000057 seconds.
  path: Assets/materials/Materials/S823/现代甲骨文_乌龟壳_象形文_占卜龟壳SU模型/tex/Materials/Mat3d66_15132010_9_29893.mat
  importAddress: Guid(48593655692e598439125a6fb15f0b38) Importer(2089858483,b0f066a214c2f5e87bad3c948f4d605d)
Start importing Assets/materials/Materials/S823/现代甲骨文_乌龟壳_象形文_占卜龟壳SU模型/tex/Materials/Mat3d66_15132010_9_29893.mat using Guid(48593655692e598439125a6fb15f0b38) Importer(2089858483,b0f066a214c2f5e87bad3c948f4d605d) (ScriptedImporter) -> (Import Result ID: '05e16350b88b65245f98dd194dbefcf3') in 0.036358 seconds [static and dynamic dependencies]. Details - ImportResultOutputID=d8906ce0a604e7a822d4189265cd493d DependenciesID=a23415b612bb78091230394aef879f13 StaticDependenciesID=be5836e391a87ee0d0c5af6c3556d338 
Number of updated asset objects reloaded before import = 0Number of asset objects unloaded after import = 2

========================================================================
Received Import Request.
  Time since last request: 0.000031 seconds.
  path: Assets/materials/Materials/dead_tree_trunk_diff_4k.mat
  importAddress: Guid(62cbb3d9b0b26f74d897e79af9961f41) Importer(2089858483,b0f066a214c2f5e87bad3c948f4d605d)
Start importing Assets/materials/Materials/dead_tree_trunk_diff_4k.mat using Guid(62cbb3d9b0b26f74d897e79af9961f41) Importer(2089858483,b0f066a214c2f5e87bad3c948f4d605d) (ScriptedImporter) -> (Import Result ID: 'e9fe40c9fc780fd498ef28207a56e777') in 0.0096241 seconds [static and dynamic dependencies]. Details - ImportResultOutputID=58b91431701640175143c8d8dda80fbf DependenciesID=1104c2dd75755fa5de568e920d1972db StaticDependenciesID=cbf222a5fe307d7248ce43f020c84795 
Number of updated asset objects reloaded before import = 0Number of asset objects unloaded after import = 2

========================================================================
Received Import Request.
  Time since last request: 0.000047 seconds.
  path: Assets/materials/rock_moss_set_02_nor_gl_4k.exr
  importAddress: Guid(6ffe4bc31f31dac4a9c9440fc226d3ed) Importer(2089858483,b0f066a214c2f5e87bad3c948f4d605d)
Start importing Assets/materials/rock_moss_set_02_nor_gl_4k.exr using Guid(6ffe4bc31f31dac4a9c9440fc226d3ed) Importer(2089858483,b0f066a214c2f5e87bad3c948f4d605d) (ScriptedImporter) -> (Import Result ID: 'a21203312a4fd53ffd425b36a914e6f1') in 0.0572263 seconds [static and dynamic dependencies]. Details - ImportResultOutputID=a66894bc1259731c261a0791f58654bb DependenciesID=e7513c60e30d129191c25652e45b5d4c StaticDependenciesID=e76c9f0dc7ea2f896e40e74679ba7b8a 
Number of updated asset objects reloaded before import = 0Number of asset objects unloaded after import = 1

========================================================================
Received Import Request.
  Time since last request: 0.000023 seconds.
  path: Assets/Scenes/tomb1.unity
  importAddress: Guid(5104e6740f8e9704dbc8fabd653e146d) Importer(815301076,1909f56bfc062723c751e8b465ee728b)
Start importing Assets/Scenes/tomb1.unity using Guid(5104e6740f8e9704dbc8fabd653e146d) Importer(815301076,1909f56bfc062723c751e8b465ee728b) (PreviewImporter) -> (Import Result ID: 'e8dc54319451270119f734eca381e291') in 0.0013665 seconds [static and dynamic dependencies]. Details - ImportResultOutputID=07792a32ed7590b8c54ae26697ef4b23 DependenciesID=b7ef518347b4c040cde876386460360a StaticDependenciesID=12cefeca3562ff235b915dfe30f8987e 
Number of updated asset objects reloaded before import = 0Number of asset objects unloaded after import = 0

========================================================================
Received Import Request.
  Time since last request: 0.000026 seconds.
  path: Assets/materials/Stylized Ground Textures/Assets/Materials/Sand_2.mat
  importAddress: Guid(17bb4dc3ff262c5429603646aea15970) Importer(2089858483,b0f066a214c2f5e87bad3c948f4d605d)
Start importing Assets/materials/Stylized Ground Textures/Assets/Materials/Sand_2.mat using Guid(17bb4dc3ff262c5429603646aea15970) Importer(2089858483,b0f066a214c2f5e87bad3c948f4d605d) (ScriptedImporter) -> (Import Result ID: '8d610b0bcf66d7a76223aa7dbf8c9405') in 0.0130553 seconds [static and dynamic dependencies]. Details - ImportResultOutputID=995dfc5723ff1ed66ce30da514112e8b DependenciesID=2a47b06603e8f828544b027c0a93f0db StaticDependenciesID=c25a04c47a563753f29ef18d7cae0a1c 
Number of updated asset objects reloaded before import = 0Number of asset objects unloaded after import = 5

========================================================================
Received Import Request.
  Time since last request: 0.000030 seconds.
  path: Assets/materials/Materials/rock_moss_set_02_diff_4k.mat
  importAddress: Guid(a788a3d049966784b9094894028749c7) Importer(2089858483,b0f066a214c2f5e87bad3c948f4d605d)
Start importing Assets/materials/Materials/rock_moss_set_02_diff_4k.mat using Guid(a788a3d049966784b9094894028749c7) Importer(2089858483,b0f066a214c2f5e87bad3c948f4d605d) (ScriptedImporter) -> (Import Result ID: 'b260ef73e348a5d458c8fd4f3eab032c') in 0.0080708 seconds [static and dynamic dependencies]. Details - ImportResultOutputID=e71463903a9d65d89f0eeaed752c43f7 DependenciesID=0889cbc60064c6479e9fe58f6550da8c StaticDependenciesID=01be3cfc18ab9f5cda6d2e56734445f9 
Number of updated asset objects reloaded before import = 0Number of asset objects unloaded after import = 2

========================================================================
Received Import Request.
  Time since last request: 0.000044 seconds.
  path: Assets/materials/Materials/S823/现代甲骨文_乌龟壳_象形文_占卜龟壳SU模型/tex/Materials/Mat3d66_15132010_11_43945.mat
  importAddress: Guid(9376bbb7e2e5ceb45802af4a2751b108) Importer(2089858483,b0f066a214c2f5e87bad3c948f4d605d)
Start importing Assets/materials/Materials/S823/现代甲骨文_乌龟壳_象形文_占卜龟壳SU模型/tex/Materials/Mat3d66_15132010_11_43945.mat using Guid(9376bbb7e2e5ceb45802af4a2751b108) Importer(2089858483,b0f066a214c2f5e87bad3c948f4d605d) (ScriptedImporter) -> (Import Result ID: '3ae0f93fa01398707c9fe09e74ff978b') in 0.006771 seconds [static and dynamic dependencies]. Details - ImportResultOutputID=43c674bd43a352891b735e147ba8c8e5 DependenciesID=5ad5633c93a7ca7b865f626f718130e5 StaticDependenciesID=1bf54c65e429311b1fa1ff6f31d95a19 
Number of updated asset objects reloaded before import = 0Number of asset objects unloaded after import = 2

========================================================================
Received Import Request.
  Time since last request: 0.000026 seconds.
  path: Assets/materials/Materials/S823/现代甲骨文_乌龟壳_象形文_占卜龟壳SU模型/tex/Materials/Mat3d66_15132010_4_32655.mat
  importAddress: Guid(1db0470d6e5fe8e4185d7301eb191be5) Importer(2089858483,b0f066a214c2f5e87bad3c948f4d605d)
Start importing Assets/materials/Materials/S823/现代甲骨文_乌龟壳_象形文_占卜龟壳SU模型/tex/Materials/Mat3d66_15132010_4_32655.mat using Guid(1db0470d6e5fe8e4185d7301eb191be5) Importer(2089858483,b0f066a214c2f5e87bad3c948f4d605d) (ScriptedImporter) -> (Import Result ID: '08a6b5ee653363180a90e322964c869b') in 0.0071461 seconds [static and dynamic dependencies]. Details - ImportResultOutputID=6cd5121612b5fe93fd2df2f869a58baa DependenciesID=0fa9edbae99846b25bf3e64b2b783160 StaticDependenciesID=0a0870c982937f64b4a3435af93e2f46 
Number of updated asset objects reloaded before import = 0Number of asset objects unloaded after import = 2

========================================================================
Received Import Request.
  Time since last request: 0.000029 seconds.
  path: Assets/Settings/PC_Renderer.asset
  importAddress: Guid(f288ae1f4751b564a96ac7587541f7a2) Importer(2089858483,b0f066a214c2f5e87bad3c948f4d605d)
Start importing Assets/Settings/PC_Renderer.asset using Guid(f288ae1f4751b564a96ac7587541f7a2) Importer(2089858483,b0f066a214c2f5e87bad3c948f4d605d) (ScriptedImporter) -> (Import Result ID: '7ab53aeeb5a90541fbd7858bd82a9e9c') in 0.045824 seconds [static and dynamic dependencies]. Details - ImportResultOutputID=ccb1ff2d3c1ed3c28d6cdfe7d6388407 DependenciesID=328e6c8996c690198ddd81808034231a StaticDependenciesID=800f54a1895bf0f2aa1bb0ef00a7c525 
Number of updated asset objects reloaded before import = 0Number of asset objects unloaded after import = 1

========================================================================
Received Import Request.
  Time since last request: 0.000026 seconds.
  path: Assets/materials/Materials/S823/现代甲骨文_乌龟壳_象形文_占卜龟壳SU模型/tex/Mat3d66_15132010_6_10387.jpg
  importAddress: Guid(0b960a9e0c4f37740aeec4e6ecd72b53) Importer(2089858483,b0f066a214c2f5e87bad3c948f4d605d)
Start importing Assets/materials/Materials/S823/现代甲骨文_乌龟壳_象形文_占卜龟壳SU模型/tex/Mat3d66_15132010_6_10387.jpg using Guid(0b960a9e0c4f37740aeec4e6ecd72b53) Importer(2089858483,b0f066a214c2f5e87bad3c948f4d605d) (ScriptedImporter) -> (Import Result ID: 'bbacac1f5767a3ee28ae475ee9fa3b22') in 0.007913 seconds [static and dynamic dependencies]. Details - ImportResultOutputID=8bd3e01cb4632f9aa7d37aa8c5fa6117 DependenciesID=26244f18bc8814190046edaad858a612 StaticDependenciesID=098de9fb5e47e55ea5db3e476dbbc45f 
Number of updated asset objects reloaded before import = 0Number of asset objects unloaded after import = 1

========================================================================
Received Import Request.
  Time since last request: 0.000043 seconds.
  path: Assets/materials/Meshy_AI_Ritual_bronze_ding_0703085930_texture_roughness.png
  importAddress: Guid(6c3ce35ccef65b342b03166dbb746f74) Importer(2089858483,b0f066a214c2f5e87bad3c948f4d605d)
Start importing Assets/materials/Meshy_AI_Ritual_bronze_ding_0703085930_texture_roughness.png using Guid(6c3ce35ccef65b342b03166dbb746f74) Importer(2089858483,b0f066a214c2f5e87bad3c948f4d605d) (ScriptedImporter) -> (Import Result ID: 'a4a5d67d173a965a7d5caa00e9209212') in 0.0096575 seconds [static and dynamic dependencies]. Details - ImportResultOutputID=3d4175e0bed3f9908909990df1781cad DependenciesID=b7524e8cbd2230643224f65d85240109 StaticDependenciesID=7b98d2e77564690d16953fe6a7c79614 
Number of updated asset objects reloaded before import = 0Number of asset objects unloaded after import = 1

========================================================================
Received Import Request.
  Time since last request: 0.000021 seconds.
  path: Assets/Scenes/SampleScene.unity
  importAddress: Guid(99c9720ab356a0642a771bea13969a05) Importer(2089858483,b0f066a214c2f5e87bad3c948f4d605d)
Start importing Assets/Scenes/SampleScene.unity using Guid(99c9720ab356a0642a771bea13969a05) Importer(2089858483,b0f066a214c2f5e87bad3c948f4d605d) (ScriptedImporter) -> (Import Result ID: '75ed83069b40d723ddae9d7834218dfa') in 0.0037885 seconds [static and dynamic dependencies]. Details - ImportResultOutputID=eaaf402b5b88abc23ff348e54f1e8659 DependenciesID=d8322ecfeb2eeadfa2a0d34c13792658 StaticDependenciesID=bff0321bebd5f81f67480d856ad6c7e1 
Number of updated asset objects reloaded before import = 0Number of asset objects unloaded after import = 1

========================================================================
Received Import Request.
  Time since last request: 0.000020 seconds.
  path: Assets/Scenes/tomb1.unity
  importAddress: Guid(5104e6740f8e9704dbc8fabd653e146d) Importer(2089858483,b0f066a214c2f5e87bad3c948f4d605d)
Start importing Assets/Scenes/tomb1.unity using Guid(5104e6740f8e9704dbc8fabd653e146d) Importer(2089858483,b0f066a214c2f5e87bad3c948f4d605d) (ScriptedImporter) -> (Import Result ID: 'd6f1c9843755252e600a20c77aa40073') in 0.0086211 seconds [static and dynamic dependencies]. Details - ImportResultOutputID=1746896395851caa8cc25a007431831c DependenciesID=f4694b77383257355ee510d0d8e48bc0 StaticDependenciesID=133d0cf0e30d9d79759a18da07b8b7f2 
Number of updated asset objects reloaded before import = 0Number of asset objects unloaded after import = 1

========================================================================
Received Import Request.
  Time since last request: 0.000022 seconds.
  path: Assets/materials/Materials/S823/现代甲骨文_乌龟壳_象形文_占卜龟壳SU模型/tex/Mat3d66_15132010_9_29893.jpg
  importAddress: Guid(3338d0aab89312d41bca5504a48ab4b9) Importer(2089858483,b0f066a214c2f5e87bad3c948f4d605d)
Start importing Assets/materials/Materials/S823/现代甲骨文_乌龟壳_象形文_占卜龟壳SU模型/tex/Mat3d66_15132010_9_29893.jpg using Guid(3338d0aab89312d41bca5504a48ab4b9) Importer(2089858483,b0f066a214c2f5e87bad3c948f4d605d) (ScriptedImporter) -> (Import Result ID: '1f79ffd43079110677c4d7b4c9221c72') in 0.0106031 seconds [static and dynamic dependencies]. Details - ImportResultOutputID=a7d87ff32e99add0c9eafd62a528e562 DependenciesID=6ba6c5f1a17af9b96a45bb847d92e2f2 StaticDependenciesID=979209a05661f62f9972668b1472fc72 
Number of updated asset objects reloaded before import = 0Number of asset objects unloaded after import = 1

========================================================================
Received Import Request.
  Time since last request: 0.000022 seconds.
  path: Assets/materials/Materials/S823/现代甲骨文_乌龟壳_象形文_占卜龟壳SU模型/tex/Mat3d66_15132010_8_56018.jpg
  importAddress: Guid(237a1aa50495c05419ff6fb7a546302d) Importer(2089858483,b0f066a214c2f5e87bad3c948f4d605d)
Start importing Assets/materials/Materials/S823/现代甲骨文_乌龟壳_象形文_占卜龟壳SU模型/tex/Mat3d66_15132010_8_56018.jpg using Guid(237a1aa50495c05419ff6fb7a546302d) Importer(2089858483,b0f066a214c2f5e87bad3c948f4d605d) (ScriptedImporter) -> (Import Result ID: 'eea897ef528eb80ca9a0820ed1821063') in 0.0080468 seconds [static and dynamic dependencies]. Details - ImportResultOutputID=74ad4997833bb9b4601e3a7febcf3a36 DependenciesID=1266cbb8453f75e1005ab317d5270855 StaticDependenciesID=756eafc92bc44c196a314655df56def7 
Number of updated asset objects reloaded before import = 0Number of asset objects unloaded after import = 1

========================================================================
Received Import Request.
  Time since last request: 0.000042 seconds.
  path: Assets/materials/Stylized Ground Textures/Assets/Textures/Sand_3/Sand_3_AlbedoSmoothness.png
  importAddress: Guid(fa2df09dd04a8be40b2b479d0cb6ba35) Importer(2089858483,b0f066a214c2f5e87bad3c948f4d605d)
Start importing Assets/materials/Stylized Ground Textures/Assets/Textures/Sand_3/Sand_3_AlbedoSmoothness.png using Guid(fa2df09dd04a8be40b2b479d0cb6ba35) Importer(2089858483,b0f066a214c2f5e87bad3c948f4d605d) (ScriptedImporter) -> (Import Result ID: 'ded58fe99f667b556777892b1e640c1b') in 0.0076787 seconds [static and dynamic dependencies]. Details - ImportResultOutputID=9d036f1bc055c3d4579ce7d7dcd10fd1 DependenciesID=9daf75e15a62150f20293b0cfdbe89b1 StaticDependenciesID=18e4b2300f9054f181ddb5da16e1df86 
Number of updated asset objects reloaded before import = 0Number of asset objects unloaded after import = 1

========================================================================
Received Import Request.
  Time since last request: 0.000041 seconds.
  path: Assets/materials/Materials/S823/现代甲骨文_乌龟壳_象形文_占卜龟壳SU模型/tex/Materials/Mat3d66_15132010_10_47782.mat
  importAddress: Guid(9a16594bae8d1d24089636d20284d7ef) Importer(2089858483,b0f066a214c2f5e87bad3c948f4d605d)
Start importing Assets/materials/Materials/S823/现代甲骨文_乌龟壳_象形文_占卜龟壳SU模型/tex/Materials/Mat3d66_15132010_10_47782.mat using Guid(9a16594bae8d1d24089636d20284d7ef) Importer(2089858483,b0f066a214c2f5e87bad3c948f4d605d) (ScriptedImporter) -> (Import Result ID: 'e8e6010396d8d2b5537790e3a325c0cf') in 0.0074334 seconds [static and dynamic dependencies]. Details - ImportResultOutputID=907d5698e424050673776b1dcf71847e DependenciesID=07685709af679ed66f785e15ad543daf StaticDependenciesID=ff9b730820efa4d0372b9255d4ab29ba 
Number of updated asset objects reloaded before import = 0Number of asset objects unloaded after import = 2

========================================================================
Received Import Request.
  Time since last request: 0.000026 seconds.
  path: Assets/materials/dead_tree_trunk_diff_4k.jpg
  importAddress: Guid(5f05695475d77f2498c05839d7000acc) Importer(2089858483,b0f066a214c2f5e87bad3c948f4d605d)
Start importing Assets/materials/dead_tree_trunk_diff_4k.jpg using Guid(5f05695475d77f2498c05839d7000acc) Importer(2089858483,b0f066a214c2f5e87bad3c948f4d605d) (ScriptedImporter) -> (Import Result ID: '2cdc229796db95110849ae865af9156c') in 0.0102918 seconds [static and dynamic dependencies]. Details - ImportResultOutputID=f661f83a27d4e0c9f8ecdd72d97d446c DependenciesID=779f25932f384365a366e082b5cf3f48 StaticDependenciesID=32bdd70ef2a5c980646a883998a268ac 
Number of updated asset objects reloaded before import = 0Number of asset objects unloaded after import = 1

========================================================================
Received Import Request.
  Time since last request: 0.000023 seconds.
  path: Assets/materials/dead_tree_trunk_nor_gl_4k.exr
  importAddress: Guid(79d652f209e48ba44b9ebc7abd45dfdc) Importer(2089858483,b0f066a214c2f5e87bad3c948f4d605d)
Start importing Assets/materials/dead_tree_trunk_nor_gl_4k.exr using Guid(79d652f209e48ba44b9ebc7abd45dfdc) Importer(2089858483,b0f066a214c2f5e87bad3c948f4d605d) (ScriptedImporter) -> (Import Result ID: 'c309aa918f648cee3ef1e973db606885') in 0.0103828 seconds [static and dynamic dependencies]. Details - ImportResultOutputID=4d148b86584c73607a3c863ef66700e7 DependenciesID=8980d271105106686aee3ed616321d9d StaticDependenciesID=2b1e6b94f0ff70e78752c7e157bac7e0 
Number of updated asset objects reloaded before import = 0Number of asset objects unloaded after import = 1

========================================================================
Received Import Request.
  Time since last request: 0.000060 seconds.
  path: Assets/materials/Materials/S823/现代甲骨文_乌龟壳_象形文_占卜龟壳SU模型/tex/Mat3d66_15132010_12_39459.jpg
  importAddress: Guid(63381b19859cccb4daee66cf4aaa2b2c) Importer(2089858483,b0f066a214c2f5e87bad3c948f4d605d)
Start importing Assets/materials/Materials/S823/现代甲骨文_乌龟壳_象形文_占卜龟壳SU模型/tex/Mat3d66_15132010_12_39459.jpg using Guid(63381b19859cccb4daee66cf4aaa2b2c) Importer(2089858483,b0f066a214c2f5e87bad3c948f4d605d) (ScriptedImporter) -> (Import Result ID: '8bf0fa8ab1207f8b6e55731dc65a2b88') in 0.0093536 seconds [static and dynamic dependencies]. Details - ImportResultOutputID=ee86bb4044efb54960aa2953380549f5 DependenciesID=9b3e6bbb6a38a83414fa44d28aed97af StaticDependenciesID=6aefed814d0c6069dedd86888aced673 
Number of updated asset objects reloaded before import = 0Number of asset objects unloaded after import = 1

========================================================================
Received Import Request.
  Time since last request: 0.000033 seconds.
  path: Assets/materials/Stylized Ground Textures/Assets/Textures/Sand_2/Sand_2_Normal.png
  importAddress: Guid(56c426f896c60d04cac1709c6c1c68e1) Importer(2089858483,b0f066a214c2f5e87bad3c948f4d605d)
Start importing Assets/materials/Stylized Ground Textures/Assets/Textures/Sand_2/Sand_2_Normal.png using Guid(56c426f896c60d04cac1709c6c1c68e1) Importer(2089858483,b0f066a214c2f5e87bad3c948f4d605d) (ScriptedImporter) -> (Import Result ID: 'dc826283b143a39ff7c33da8e7454f6c') in 0.0092266 seconds [static and dynamic dependencies]. Details - ImportResultOutputID=8205ef20604a19275315ed4cc6069645 DependenciesID=d4031a2a5be2f29d0cb53877d423879c StaticDependenciesID=bed20dfef283e0c01a38779be43c510d 
Number of updated asset objects reloaded before import = 0Number of asset objects unloaded after import = 1

========================================================================
Received Import Request.
  Time since last request: 0.000021 seconds.
  path: Assets/Settings/SampleSceneProfile.asset
  importAddress: Guid(10fc4df2da32a41aaa32d77bc913491c) Importer(2089858483,b0f066a214c2f5e87bad3c948f4d605d)
Start importing Assets/Settings/SampleSceneProfile.asset using Guid(10fc4df2da32a41aaa32d77bc913491c) Importer(2089858483,b0f066a214c2f5e87bad3c948f4d605d) (ScriptedImporter) -> (Import Result ID: '823850585e25d1aaee8eff547486ac2e') in 0.0052954 seconds [static and dynamic dependencies]. Details - ImportResultOutputID=78357ff09d7aa10f23c1883e8bb1d142 DependenciesID=a6a60b5d6e18502ed1765cca94f3d89e StaticDependenciesID=08110fc3c1147dc7673720d6987be07c 
Number of updated asset objects reloaded before import = 0Number of asset objects unloaded after import = 1

========================================================================
Received Import Request.
  Time since last request: 0.000021 seconds.
  path: Assets/materials/Stylized Ground Textures/Assets/Textures/Sand_3/Sand_3_Height.png
  importAddress: Guid(30b8c03274863a247824ffa200f20385) Importer(2089858483,b0f066a214c2f5e87bad3c948f4d605d)
Start importing Assets/materials/Stylized Ground Textures/Assets/Textures/Sand_3/Sand_3_Height.png using Guid(30b8c03274863a247824ffa200f20385) Importer(2089858483,b0f066a214c2f5e87bad3c948f4d605d) (ScriptedImporter) -> (Import Result ID: '6eb557674a9e768dd35075204d01471c') in 0.0096386 seconds [static and dynamic dependencies]. Details - ImportResultOutputID=a16206115f9655041a3d8d1705e0abeb DependenciesID=e5adb9f7d95a4eeda1506739f0f93a0d StaticDependenciesID=55c957bf85a18116f47539958073b495 
Number of updated asset objects reloaded before import = 0Number of asset objects unloaded after import = 1

========================================================================
Received Import Request.
  Time since last request: 0.000019 seconds.
  path: Assets/Settings/Mobile_RPAsset.asset
  importAddress: Guid(5e6cbd92db86f4b18aec3ed561671858) Importer(2089858483,b0f066a214c2f5e87bad3c948f4d605d)
Start importing Assets/Settings/Mobile_RPAsset.asset using Guid(5e6cbd92db86f4b18aec3ed561671858) Importer(2089858483,b0f066a214c2f5e87bad3c948f4d605d) (ScriptedImporter) -> (Import Result ID: 'c35c3d3d5bbebf18cf259312761e5025') in 0.0471265 seconds [static and dynamic dependencies]. Details - ImportResultOutputID=eb75107fa02905d15c307ee476496f98 DependenciesID=825b0fee40e73f0cd2f32901edbcfc0a StaticDependenciesID=7c2eb5945007a5b7931ba642be8225e5 
Number of updated asset objects reloaded before import = 0Number of asset objects unloaded after import = 2

========================================================================
Received Import Request.
  Time since last request: 0.000026 seconds.
  path: Assets/TutorialInfo/Icons/URP.png
  importAddress: Guid(727a75301c3d24613a3ebcec4a24c2c8) Importer(2089858483,b0f066a214c2f5e87bad3c948f4d605d)
Start importing Assets/TutorialInfo/Icons/URP.png using Guid(727a75301c3d24613a3ebcec4a24c2c8) Importer(2089858483,b0f066a214c2f5e87bad3c948f4d605d) (ScriptedImporter) -> (Import Result ID: '223f228b5ba5535c25aa6de3c5bf8150') in 0.0096534 seconds [static and dynamic dependencies]. Details - ImportResultOutputID=6e478d4f6526d6c950d11114f9f0edf5 DependenciesID=1888bf527412200544e983db08b60ba6 StaticDependenciesID=ad76071ef1d64f1b986e99f9d51a3f3a 
Number of updated asset objects reloaded before import = 0Number of asset objects unloaded after import = 1

========================================================================
Received Import Request.
  Time since last request: 0.000031 seconds.
  path: Assets/materials/Stylized Ground Textures/Assets/Textures/Mud_1/Mud_1_AlbedoSmoothness.png
  importAddress: Guid(345e8018ea86f5040857eca41c75ff32) Importer(2089858483,b0f066a214c2f5e87bad3c948f4d605d)
Start importing Assets/materials/Stylized Ground Textures/Assets/Textures/Mud_1/Mud_1_AlbedoSmoothness.png using Guid(345e8018ea86f5040857eca41c75ff32) Importer(2089858483,b0f066a214c2f5e87bad3c948f4d605d) (ScriptedImporter) -> (Import Result ID: '53f2455adfc8d5f32b567bdb8efbb27e') in 0.008658 seconds [static and dynamic dependencies]. Details - ImportResultOutputID=31a779414160db5f5623980913fc7ab8 DependenciesID=b39e67ca9628ea1bd61eaa2b5f1b1f99 StaticDependenciesID=e15c6453952d1cd7f022c749ae89d12a 
Number of updated asset objects reloaded before import = 0Number of asset objects unloaded after import = 1

